[ 10%] Built target blast_filtering_m
[ 11%] Built target log_builder
[ 12%] Built target cmd_line
[ 31%] Built target blast_common
[ 45%] Built target blast_parsing_m
Linking CXX executable orthAgogue
[ 45%] Built target orthAgogue
[ 46%] Built target orthAgogue-lib
[ 47%] Built target algo_overlap
[ 48%] Built target blast_memory
[ 49%] Built target file_parse
[ 49%] Built target id_simil_list
[ 50%] Built target index
[ 51%] Built target index_list
[ 52%] Built target list_file_chunk
[ 53%] Built target list_file_parse
[ 54%] Built target list_norm
[ 55%] Built target mcl_bunch
[ 56%] Built target mcl_format
[ 56%] Built target mpi_read
[ 57%] Built target norm_t
[ 58%] Built target orthAgogue-memory-lib
[ 59%] Built target p_rel
[ 60%] Built target parse
[ 61%] Built target prot_list
[ 62%] Built target protein_relation
[ 63%] Built target protein_vector
[ 64%] Built target rel
[ 64%] Built target relations_list
[ 65%] Built target taxa
Linking CXX executable x_blast_common
[ 66%] Built target x_blast_common
Linking CXX executable x_log_builder
[ 67%] Built target x_log_builder
[ 69%] Built target blast_terminal
[ 70%] Built target cmd_argument
[ 71%] Built target cmd_list
[ 72%] Built target x_terminal
[ 73%] Built target blast_extractors
[ 74%] Built target blast_parsing
[ 75%] Built target buffer_string
[ 76%] Built target buffer_string_list
[ 77%] Built target orthAgogue-parse-lib
[ 78%] Built target parse_read_blocks
[ 79%] Built target parse_send
[ 79%] Built target parse_send_first
[ 80%] Built target pipe_parse_file
[ 81%] Built target pipe_parse_merge
[ 82%] Built target pipe_parse_parse
[ 83%] Built target pre_read_blast
[ 84%] Built target read_file
[ 85%] Built target string_section
[ 86%] Built target taxon_data
[ 86%] Built target taxon_list_t
[ 87%] Built target thread_reading
[ 88%] Built target x_blast_parsing
[ 89%] Built target blast_filtering
[ 90%] Built target bucket_norm
[ 91%] Built target bucket_pipe_binary
[ 92%] Built target build_string
[ 92%] Built target orthAgogue-filter-lib
[ 93%] Built target pipe_bucket
[ 94%] Built target pipe_merge
[ 95%] Built target pipe_norm
[ 96%] Built target pipe_ortholog_inparalog
[ 97%] Built target pipe_struct
[ 98%] Built target pipe_write
[ 99%] Built target taxon_pair
[100%] Built target x_blast_filtering
