\BOOKMARK [0][-]{chapter.1}{\376\377\000T\000o\000d\000o\000\040\000L\000i\000s\000t}{}
\BOOKMARK [0][-]{chapter.2}{\376\377\000M\000o\000d\000u\000l\000e\000\040\000I\000n\000d\000e\000x}{}
\BOOKMARK [1][-]{section.2.1}{\376\377\000M\000o\000d\000u\000l\000e\000s}{chapter.2}
\BOOKMARK [0][-]{chapter.3}{\376\377\000C\000l\000a\000s\000s\000\040\000I\000n\000d\000e\000x}{}
\BOOKMARK [1][-]{section.3.1}{\376\377\000C\000l\000a\000s\000s\000\040\000L\000i\000s\000t}{chapter.3}
\BOOKMARK [0][-]{chapter.4}{\376\377\000F\000i\000l\000e\000\040\000I\000n\000d\000e\000x}{}
\BOOKMARK [1][-]{section.4.1}{\376\377\000F\000i\000l\000e\000\040\000L\000i\000s\000t}{chapter.4}
\BOOKMARK [0][-]{chapter.5}{\376\377\000M\000o\000d\000u\000l\000e\000\040\000D\000o\000c\000u\000m\000e\000n\000t\000a\000t\000i\000o\000n}{}
\BOOKMARK [1][-]{section.5.1}{\376\377\000`\000\250\000F\000i\000l\000t\000e\000r\000i\000n\000g\000\040\000p\000a\000r\000s\000e\000d\000\040\000B\000l\000a\000s\000t\000`\000\250}{chapter.5}
\BOOKMARK [2][-]{subsection.5.1.1}{\376\377\000D\000e\000t\000a\000i\000l\000e\000d\000\040\000D\000e\000s\000c\000r\000i\000p\000t\000i\000o\000n}{section.5.1}
\BOOKMARK [2][-]{subsection.5.1.2}{\376\377\000T\000y\000p\000e\000d\000e\000f\000\040\000D\000o\000c\000u\000m\000e\000n\000t\000a\000t\000i\000o\000n}{section.5.1}
\BOOKMARK [3][-]{subsubsection.5.1.2.1}{\376\377\000b\000l\000a\000s\000t\000\137\000f\000i\000l\000t\000e\000r\000i\000n\000g\000\137\000t}{subsection.5.1.2}
\BOOKMARK [1][-]{section.5.2}{\376\377\000`\000\250\000P\000a\000r\000a\000l\000l\000e\000l\000\040\000f\000i\000l\000t\000e\000r\000i\000n\000g\000\040\000a\000l\000g\000o\000r\000i\000t\000h\000m\000s\000`\000\250}{chapter.5}
\BOOKMARK [2][-]{subsection.5.2.1}{\376\377\000D\000e\000t\000a\000i\000l\000e\000d\000\040\000D\000e\000s\000c\000r\000i\000p\000t\000i\000o\000n}{section.5.2}
\BOOKMARK [1][-]{section.5.3}{\376\377\000`\000\250\000S\000t\000o\000r\000a\000g\000e\000\040\000o\000f\000\040\000F\000i\000l\000t\000e\000r\000e\000d\000\040\000b\000l\000a\000s\000t\000\040\000d\000a\000t\000a\000`\000\250}{chapter.5}
\BOOKMARK [2][-]{subsection.5.3.1}{\376\377\000D\000e\000t\000a\000i\000l\000e\000d\000\040\000D\000e\000s\000c\000r\000i\000p\000t\000i\000o\000n}{section.5.3}
\BOOKMARK [2][-]{subsection.5.3.2}{\376\377\000T\000y\000p\000e\000d\000e\000f\000\040\000D\000o\000c\000u\000m\000e\000n\000t\000a\000t\000i\000o\000n}{section.5.3}
\BOOKMARK [3][-]{subsubsection.5.3.2.1}{\376\377\000b\000u\000i\000l\000d\000\137\000s\000t\000r\000i\000n\000g\000\137\000t}{subsection.5.3.2}
\BOOKMARK [3][-]{subsubsection.5.3.2.2}{\376\377\000w\000r\000i\000t\000e\000\137\000l\000i\000s\000t\000\137\000t}{subsection.5.3.2}
\BOOKMARK [2][-]{subsection.5.3.3}{\376\377\000E\000n\000u\000m\000e\000r\000a\000t\000i\000o\000n\000\040\000T\000y\000p\000e\000\040\000D\000o\000c\000u\000m\000e\000n\000t\000a\000t\000i\000o\000n}{section.5.3}
\BOOKMARK [3][-]{subsubsection.5.3.3.1}{\376\377\000w\000r\000i\000t\000e\000\137\000l\000i\000s\000t}{subsection.5.3.3}
\BOOKMARK [2][-]{subsection.5.3.4}{\376\377\000V\000a\000r\000i\000a\000b\000l\000e\000\040\000D\000o\000c\000u\000m\000e\000n\000t\000a\000t\000i\000o\000n}{section.5.3}
\BOOKMARK [3][-]{subsubsection.5.3.4.1}{\376\377\000s\000i\000z\000e\000\137\000w\000r\000i\000t\000e\000\137\000l\000i\000s\000t\000\137\000t}{subsection.5.3.4}
\BOOKMARK [1][-]{section.5.4}{\376\377\000`\000\250\000I\000n\000t\000e\000r\000m\000e\000d\000i\000a\000r\000y\000\040\000t\000r\000a\000n\000s\000p\000o\000r\000t\000\040\000C\000o\000n\000t\000a\000i\000n\000e\000r\000s\000`\000\250}{chapter.5}
\BOOKMARK [2][-]{subsection.5.4.1}{\376\377\000D\000e\000t\000a\000i\000l\000e\000d\000\040\000D\000e\000s\000c\000r\000i\000p\000t\000i\000o\000n}{section.5.4}
\BOOKMARK [2][-]{subsection.5.4.2}{\376\377\000T\000y\000p\000e\000d\000e\000f\000\040\000D\000o\000c\000u\000m\000e\000n\000t\000a\000t\000i\000o\000n}{section.5.4}
\BOOKMARK [3][-]{subsubsection.5.4.2.1}{\376\377\000b\000u\000c\000k\000e\000t\000\137\000p\000i\000p\000e\000\137\000b\000i\000n\000a\000r\000y\000\137\000t}{subsection.5.4.2}
\BOOKMARK [1][-]{section.5.5}{\376\377\000`\000\250\000A\000l\000g\000o\000r\000i\000t\000h\000m\000s\000\040\000f\000o\000r\000\040\000s\000e\000r\000i\000a\000l\000\040\000F\000i\000l\000t\000e\000r\000i\000n\000g\000`\000\250}{chapter.5}
\BOOKMARK [2][-]{subsection.5.5.1}{\376\377\000D\000e\000t\000a\000i\000l\000e\000d\000\040\000D\000e\000s\000c\000r\000i\000p\000t\000i\000o\000n}{section.5.5}
\BOOKMARK [2][-]{subsection.5.5.2}{\376\377\000T\000y\000p\000e\000d\000e\000f\000\040\000D\000o\000c\000u\000m\000e\000n\000t\000a\000t\000i\000o\000n}{section.5.5}
\BOOKMARK [3][-]{subsubsection.5.5.2.1}{\376\377\000t\000a\000x\000o\000n\000\137\000p\000a\000i\000r\000\137\000t}{subsection.5.5.2}
\BOOKMARK [0][-]{chapter.6}{\376\377\000C\000l\000a\000s\000s\000\040\000D\000o\000c\000u\000m\000e\000n\000t\000a\000t\000i\000o\000n}{}
\BOOKMARK [1][-]{section.6.1}{\376\377\000b\000l\000a\000s\000t\000\137\000f\000i\000l\000t\000e\000r\000i\000n\000g\000\040\000C\000l\000a\000s\000s\000\040\000R\000e\000f\000e\000r\000e\000n\000c\000e}{chapter.6}
\BOOKMARK [2][-]{subsection.6.1.1}{\376\377\000D\000e\000t\000a\000i\000l\000e\000d\000\040\000D\000e\000s\000c\000r\000i\000p\000t\000i\000o\000n}{section.6.1}
\BOOKMARK [2][-]{subsection.6.1.2}{\376\377\000M\000e\000m\000b\000e\000r\000\040\000F\000u\000n\000c\000t\000i\000o\000n\000\040\000D\000o\000c\000u\000m\000e\000n\000t\000a\000t\000i\000o\000n}{section.6.1}
\BOOKMARK [3][-]{subsubsection.6.1.2.1}{\376\377\000s\000t\000a\000r\000t\000\137\000f\000i\000l\000t\000e\000r\000i\000n\000g}{subsection.6.1.2}
\BOOKMARK [1][-]{section.6.2}{\376\377\000b\000u\000c\000k\000e\000t\000\137\000n\000o\000r\000m\000\040\000S\000t\000r\000u\000c\000t\000\040\000R\000e\000f\000e\000r\000e\000n\000c\000e}{chapter.6}
\BOOKMARK [2][-]{subsection.6.2.1}{\376\377\000D\000e\000t\000a\000i\000l\000e\000d\000\040\000D\000e\000s\000c\000r\000i\000p\000t\000i\000o\000n}{section.6.2}
\BOOKMARK [1][-]{section.6.3}{\376\377\000b\000u\000c\000k\000e\000t\000\137\000p\000i\000p\000e\000\137\000b\000i\000n\000a\000r\000y\000\040\000S\000t\000r\000u\000c\000t\000\040\000R\000e\000f\000e\000r\000e\000n\000c\000e}{chapter.6}
\BOOKMARK [2][-]{subsection.6.3.1}{\376\377\000D\000e\000t\000a\000i\000l\000e\000d\000\040\000D\000e\000s\000c\000r\000i\000p\000t\000i\000o\000n}{section.6.3}
\BOOKMARK [2][-]{subsection.6.3.2}{\376\377\000M\000e\000m\000b\000e\000r\000\040\000F\000u\000n\000c\000t\000i\000o\000n\000\040\000D\000o\000c\000u\000m\000e\000n\000t\000a\000t\000i\000o\000n}{section.6.3}
\BOOKMARK [3][-]{subsubsection.6.3.2.1}{\376\377\000i\000s\000N\000o\000t\000E\000m\000p\000t\000y}{subsection.6.3.2}
\BOOKMARK [2][-]{subsection.6.3.3}{\376\377\000M\000e\000m\000b\000e\000r\000\040\000D\000a\000t\000a\000\040\000D\000o\000c\000u\000m\000e\000n\000t\000a\000t\000i\000o\000n}{section.6.3}
\BOOKMARK [3][-]{subsubsection.6.3.3.1}{\376\377\000a\000r\000r\000N\000o\000r\000m}{subsection.6.3.3}
\BOOKMARK [1][-]{section.6.4}{\376\377\000b\000u\000i\000l\000d\000\137\000s\000t\000r\000i\000n\000g\000\040\000C\000l\000a\000s\000s\000\040\000R\000e\000f\000e\000r\000e\000n\000c\000e}{chapter.6}
\BOOKMARK [2][-]{subsection.6.4.1}{\376\377\000D\000e\000t\000a\000i\000l\000e\000d\000\040\000D\000e\000s\000c\000r\000i\000p\000t\000i\000o\000n}{section.6.4}
\BOOKMARK [2][-]{subsection.6.4.2}{\376\377\000M\000e\000m\000b\000e\000r\000\040\000F\000u\000n\000c\000t\000i\000o\000n\000\040\000D\000o\000c\000u\000m\000e\000n\000t\000a\000t\000i\000o\000n}{section.6.4}
\BOOKMARK [3][-]{subsubsection.6.4.2.1}{\376\377\000b\000e\000g\000i\000n}{subsection.6.4.2}
\BOOKMARK [3][-]{subsubsection.6.4.2.2}{\376\377\000c\000o\000p\000y}{subsection.6.4.2}
\BOOKMARK [3][-]{subsubsection.6.4.2.3}{\376\377\000h\000a\000s\000D\000a\000t\000a}{subsection.6.4.2}
\BOOKMARK [3][-]{subsubsection.6.4.2.4}{\376\377\000r\000e\000s\000i\000z\000e\000\137\000i\000f\000\137\000t\000o\000\137\000l\000a\000r\000g\000e}{subsection.6.4.2}
\BOOKMARK [1][-]{section.6.5}{\376\377\000p\000i\000p\000e\000\137\000b\000i\000n\000a\000r\000y\000\040\000C\000l\000a\000s\000s\000\040\000R\000e\000f\000e\000r\000e\000n\000c\000e}{chapter.6}
\BOOKMARK [2][-]{subsection.6.5.1}{\376\377\000D\000e\000t\000a\000i\000l\000e\000d\000\040\000D\000e\000s\000c\000r\000i\000p\000t\000i\000o\000n}{section.6.5}
\BOOKMARK [1][-]{section.6.6}{\376\377\000p\000i\000p\000e\000\137\000b\000u\000c\000k\000e\000t\000\040\000C\000l\000a\000s\000s\000\040\000R\000e\000f\000e\000r\000e\000n\000c\000e}{chapter.6}
\BOOKMARK [2][-]{subsection.6.6.1}{\376\377\000D\000e\000t\000a\000i\000l\000e\000d\000\040\000D\000e\000s\000c\000r\000i\000p\000t\000i\000o\000n}{section.6.6}
\BOOKMARK [1][-]{section.6.7}{\376\377\000p\000i\000p\000e\000\137\000m\000e\000r\000g\000e\000\040\000C\000l\000a\000s\000s\000\040\000R\000e\000f\000e\000r\000e\000n\000c\000e}{chapter.6}
\BOOKMARK [2][-]{subsection.6.7.1}{\376\377\000D\000e\000t\000a\000i\000l\000e\000d\000\040\000D\000e\000s\000c\000r\000i\000p\000t\000i\000o\000n}{section.6.7}
\BOOKMARK [2][-]{subsection.6.7.2}{\376\377\000M\000e\000m\000b\000e\000r\000\040\000F\000u\000n\000c\000t\000i\000o\000n\000\040\000D\000o\000c\000u\000m\000e\000n\000t\000a\000t\000i\000o\000n}{section.6.7}
\BOOKMARK [3][-]{subsubsection.6.7.2.1}{\376\377\000g\000e\000t\000\137\000a\000r\000r\000N\000o\000r\000m}{subsection.6.7.2}
\BOOKMARK [3][-]{subsubsection.6.7.2.2}{\376\377\000g\000e\000t\000F\000i\000l\000e\000S\000t\000r\000u\000c\000t}{subsection.6.7.2}
\BOOKMARK [1][-]{section.6.8}{\376\377\000p\000i\000p\000e\000\137\000n\000o\000r\000m\000\040\000C\000l\000a\000s\000s\000\040\000R\000e\000f\000e\000r\000e\000n\000c\000e}{chapter.6}
\BOOKMARK [2][-]{subsection.6.8.1}{\376\377\000D\000e\000t\000a\000i\000l\000e\000d\000\040\000D\000e\000s\000c\000r\000i\000p\000t\000i\000o\000n}{section.6.8}
\BOOKMARK [1][-]{section.6.9}{\376\377\000p\000i\000p\000e\000\137\000s\000t\000r\000u\000c\000t\000\040\000C\000l\000a\000s\000s\000\040\000R\000e\000f\000e\000r\000e\000n\000c\000e}{chapter.6}
\BOOKMARK [2][-]{subsection.6.9.1}{\376\377\000D\000e\000t\000a\000i\000l\000e\000d\000\040\000D\000e\000s\000c\000r\000i\000p\000t\000i\000o\000n}{section.6.9}
\BOOKMARK [2][-]{subsection.6.9.2}{\376\377\000C\000o\000n\000s\000t\000r\000u\000c\000t\000o\000r\000\040\000\046\000\040\000D\000e\000s\000t\000r\000u\000c\000t\000o\000r\000\040\000D\000o\000c\000u\000m\000e\000n\000t\000a\000t\000i\000o\000n}{section.6.9}
\BOOKMARK [3][-]{subsubsection.6.9.2.1}{\376\377\000p\000i\000p\000e\000\137\000s\000t\000r\000u\000c\000t}{subsection.6.9.2}
\BOOKMARK [1][-]{section.6.10}{\376\377\000p\000i\000p\000e\000\137\000w\000r\000i\000t\000e\000\040\000C\000l\000a\000s\000s\000\040\000R\000e\000f\000e\000r\000e\000n\000c\000e}{chapter.6}
\BOOKMARK [2][-]{subsection.6.10.1}{\376\377\000D\000e\000t\000a\000i\000l\000e\000d\000\040\000D\000e\000s\000c\000r\000i\000p\000t\000i\000o\000n}{section.6.10}
\BOOKMARK [2][-]{subsection.6.10.2}{\376\377\000M\000e\000m\000b\000e\000r\000\040\000F\000u\000n\000c\000t\000i\000o\000n\000\040\000D\000o\000c\000u\000m\000e\000n\000t\000a\000t\000i\000o\000n}{section.6.10}
\BOOKMARK [3][-]{subsubsection.6.10.2.1}{\376\377\000f\000r\000e\000e\000\137\000m\000e\000m}{subsection.6.10.2}
\BOOKMARK [1][-]{section.6.11}{\376\377\000t\000a\000x\000o\000n\000\137\000p\000a\000i\000r\000\040\000C\000l\000a\000s\000s\000\040\000R\000e\000f\000e\000r\000e\000n\000c\000e}{chapter.6}
\BOOKMARK [2][-]{subsection.6.11.1}{\376\377\000D\000e\000t\000a\000i\000l\000e\000d\000\040\000D\000e\000s\000c\000r\000i\000p\000t\000i\000o\000n}{section.6.11}
\BOOKMARK [0][-]{chapter.7}{\376\377\000F\000i\000l\000e\000\040\000D\000o\000c\000u\000m\000e\000n\000t\000a\000t\000i\000o\000n}{}
\BOOKMARK [1][-]{section.7.1}{\376\377\000b\000l\000a\000s\000t\000\137\000f\000i\000l\000t\000e\000r\000i\000n\000g\000.\000h\000\040\000F\000i\000l\000e\000\040\000R\000e\000f\000e\000r\000e\000n\000c\000e}{chapter.7}
\BOOKMARK [2][-]{subsection.7.1.1}{\376\377\000D\000e\000t\000a\000i\000l\000e\000d\000\040\000D\000e\000s\000c\000r\000i\000p\000t\000i\000o\000n}{section.7.1}
\BOOKMARK [1][-]{section.7.2}{\376\377\000b\000l\000a\000s\000t\000\137\000f\000i\000l\000t\000e\000r\000i\000n\000g\000\137\000m\000a\000i\000n\000.\000h\000\040\000F\000i\000l\000e\000\040\000R\000e\000f\000e\000r\000e\000n\000c\000e}{chapter.7}
\BOOKMARK [2][-]{subsection.7.2.1}{\376\377\000D\000e\000t\000a\000i\000l\000e\000d\000\040\000D\000e\000s\000c\000r\000i\000p\000t\000i\000o\000n}{section.7.2}
\BOOKMARK [1][-]{section.7.3}{\376\377\000b\000u\000c\000k\000e\000t\000\137\000n\000o\000r\000m\000.\000h\000\040\000F\000i\000l\000e\000\040\000R\000e\000f\000e\000r\000e\000n\000c\000e}{chapter.7}
\BOOKMARK [2][-]{subsection.7.3.1}{\376\377\000D\000e\000t\000a\000i\000l\000e\000d\000\040\000D\000e\000s\000c\000r\000i\000p\000t\000i\000o\000n}{section.7.3}
\BOOKMARK [2][-]{subsection.7.3.2}{\376\377\000T\000y\000p\000e\000d\000e\000f\000\040\000D\000o\000c\000u\000m\000e\000n\000t\000a\000t\000i\000o\000n}{section.7.3}
\BOOKMARK [3][-]{subsubsection.7.3.2.1}{\376\377\000b\000u\000c\000k\000e\000t\000\137\000n\000o\000r\000m\000\137\000t}{subsection.7.3.2}
\BOOKMARK [1][-]{section.7.4}{\376\377\000b\000u\000c\000k\000e\000t\000\137\000p\000i\000p\000e\000\137\000b\000i\000n\000a\000r\000y\000.\000h\000\040\000F\000i\000l\000e\000\040\000R\000e\000f\000e\000r\000e\000n\000c\000e}{chapter.7}
\BOOKMARK [2][-]{subsection.7.4.1}{\376\377\000D\000e\000t\000a\000i\000l\000e\000d\000\040\000D\000e\000s\000c\000r\000i\000p\000t\000i\000o\000n}{section.7.4}
\BOOKMARK [1][-]{section.7.5}{\376\377\000b\000u\000i\000l\000d\000\137\000s\000t\000r\000i\000n\000g\000.\000h\000\040\000F\000i\000l\000e\000\040\000R\000e\000f\000e\000r\000e\000n\000c\000e}{chapter.7}
\BOOKMARK [2][-]{subsection.7.5.1}{\376\377\000D\000e\000t\000a\000i\000l\000e\000d\000\040\000D\000e\000s\000c\000r\000i\000p\000t\000i\000o\000n}{section.7.5}
\BOOKMARK [1][-]{section.7.6}{\376\377\000e\000n\000u\000m\000\137\000w\000r\000i\000t\000e\000\137\000l\000i\000s\000t\000\137\000t\000.\000h\000\040\000F\000i\000l\000e\000\040\000R\000e\000f\000e\000r\000e\000n\000c\000e}{chapter.7}
\BOOKMARK [2][-]{subsection.7.6.1}{\376\377\000D\000e\000t\000a\000i\000l\000e\000d\000\040\000D\000e\000s\000c\000r\000i\000p\000t\000i\000o\000n}{section.7.6}
\BOOKMARK [1][-]{section.7.7}{\376\377\000p\000i\000p\000e\000\137\000b\000i\000n\000a\000r\000y\000.\000h\000\040\000F\000i\000l\000e\000\040\000R\000e\000f\000e\000r\000e\000n\000c\000e}{chapter.7}
\BOOKMARK [2][-]{subsection.7.7.1}{\376\377\000D\000e\000t\000a\000i\000l\000e\000d\000\040\000D\000e\000s\000c\000r\000i\000p\000t\000i\000o\000n}{section.7.7}
\BOOKMARK [1][-]{section.7.8}{\376\377\000p\000i\000p\000e\000\137\000b\000u\000c\000k\000e\000t\000.\000h\000\040\000F\000i\000l\000e\000\040\000R\000e\000f\000e\000r\000e\000n\000c\000e}{chapter.7}
\BOOKMARK [2][-]{subsection.7.8.1}{\376\377\000D\000e\000t\000a\000i\000l\000e\000d\000\040\000D\000e\000s\000c\000r\000i\000p\000t\000i\000o\000n}{section.7.8}
\BOOKMARK [1][-]{section.7.9}{\376\377\000p\000i\000p\000e\000\137\000m\000e\000r\000g\000e\000.\000h\000\040\000F\000i\000l\000e\000\040\000R\000e\000f\000e\000r\000e\000n\000c\000e}{chapter.7}
\BOOKMARK [2][-]{subsection.7.9.1}{\376\377\000D\000e\000t\000a\000i\000l\000e\000d\000\040\000D\000e\000s\000c\000r\000i\000p\000t\000i\000o\000n}{section.7.9}
\BOOKMARK [1][-]{section.7.10}{\376\377\000p\000i\000p\000e\000\137\000n\000o\000r\000m\000.\000h\000\040\000F\000i\000l\000e\000\040\000R\000e\000f\000e\000r\000e\000n\000c\000e}{chapter.7}
\BOOKMARK [2][-]{subsection.7.10.1}{\376\377\000D\000e\000t\000a\000i\000l\000e\000d\000\040\000D\000e\000s\000c\000r\000i\000p\000t\000i\000o\000n}{section.7.10}
\BOOKMARK [1][-]{section.7.11}{\376\377\000p\000i\000p\000e\000\137\000s\000t\000r\000u\000c\000t\000.\000h\000\040\000F\000i\000l\000e\000\040\000R\000e\000f\000e\000r\000e\000n\000c\000e}{chapter.7}
\BOOKMARK [2][-]{subsection.7.11.1}{\376\377\000D\000e\000t\000a\000i\000l\000e\000d\000\040\000D\000e\000s\000c\000r\000i\000p\000t\000i\000o\000n}{section.7.11}
\BOOKMARK [1][-]{section.7.12}{\376\377\000p\000i\000p\000e\000\137\000w\000r\000i\000t\000e\000.\000h\000\040\000F\000i\000l\000e\000\040\000R\000e\000f\000e\000r\000e\000n\000c\000e}{chapter.7}
\BOOKMARK [2][-]{subsection.7.12.1}{\376\377\000D\000e\000t\000a\000i\000l\000e\000d\000\040\000D\000e\000s\000c\000r\000i\000p\000t\000i\000o\000n}{section.7.12}
\BOOKMARK [1][-]{section.7.13}{\376\377\000t\000a\000x\000o\000n\000\137\000p\000a\000i\000r\000.\000h\000\040\000F\000i\000l\000e\000\040\000R\000e\000f\000e\000r\000e\000n\000c\000e}{chapter.7}
\BOOKMARK [2][-]{subsection.7.13.1}{\376\377\000D\000e\000t\000a\000i\000l\000e\000d\000\040\000D\000e\000s\000c\000r\000i\000p\000t\000i\000o\000n}{section.7.13}
